<?xml version="1.0" encoding="UTF-8"?>
<!-- Generated by org.testng.reporters.JUnitReportReporter -->
<testsuite hostname="Skunds-MacBook-Pro.local" failures="0" tests="1" name="Codes.Test01" time="8.081" errors="0" timestamp="2022-02-02T10:29:11 IST" skipped="0">
  <testcase classname="Codes.Test01" name="createANewBooking" time="8.081"/>
  <system-out/>
</testsuite> <!-- Codes.Test01 -->
