<?xml version="1.0" encoding="UTF-8"?>
<!-- Generated by org.testng.reporters.JUnitReportReporter -->
<testsuite hostname="Skunds-MacBook-Pro.local" failures="0" tests="1" name="Codes.SeleniumTest" time="5.516" errors="0" timestamp="2022-01-19T15:16:08 IST" skipped="0">
  <testcase classname="Codes.SeleniumTest" name="myseleniumtest" time="5.516"/>
  <system-out/>
</testsuite> <!-- Codes.SeleniumTest -->
