<?xml version="1.0" encoding="UTF-8"?>
<!-- Generated by org.testng.reporters.JUnitReportReporter -->
<testsuite hostname="Skunds-MacBook-Pro.local" failures="0" tests="1" name="com.tests.testclasses.Random" time="2.900" errors="0" timestamp="2022-02-07T10:21:02 IST" skipped="0">
  <testcase classname="com.tests.testclasses.Random" name="experimentaltest" time="2.900"/>
  <system-out/>
</testsuite> <!-- com.tests.testclasses.Random -->
