<?xml version="1.0" encoding="UTF-8"?>
<!-- Generated by org.testng.reporters.JUnitReportReporter -->
<testsuite hostname="Skunds-MacBook-Pro.local" failures="0" tests="1" name="Tests.NewBookingTest" time="0.150" errors="0" timestamp="2022-02-06T15:01:16 IST" skipped="0">
  <testcase classname="Tests.NewBookingTest" name="testmethod01" time="0.150"/>
  <system-out/>
</testsuite> <!-- Tests.NewBookingTest -->
