<?xml version="1.0" encoding="UTF-8"?>
<!-- Generated by org.testng.reporters.JUnitReportReporter -->
<testsuite hostname="Skunds-MacBook-Pro.local" failures="0" tests="1" name="Tests.RandomTest" time="4.278" errors="0" timestamp="2022-02-06T13:23:28 IST" skipped="0">
  <testcase classname="Tests.RandomTest" name="mainTest" time="4.278"/>
  <system-out/>
</testsuite> <!-- Tests.RandomTest -->
