<?xml version="1.0" encoding="UTF-8"?>
<!-- Generated by org.testng.reporters.JUnitReportReporter -->
<testsuite hostname="Skunds-MacBook-Pro.local" failures="0" tests="1" name="com.tests.testclasses.FetchAllExistingBookingIDs" time="1.704" errors="0" timestamp="2022-02-06T20:26:53 IST" skipped="0">
  <testcase classname="com.tests.testclasses.FetchAllExistingBookingIDs" name="fetch_existing_bookings_ids" time="1.704"/>
  <system-out/>
</testsuite> <!-- com.tests.testclasses.FetchAllExistingBookingIDs -->
