<?xml version="1.0" encoding="UTF-8"?>
<!-- Generated by org.testng.reporters.JUnitReportReporter -->
<testsuite hostname="Skunds-MacBook-Pro.local" failures="0" tests="1" name="Codes.SeleniumTestFirefox" time="29.513" errors="0" timestamp="2022-01-23T19:48:42 IST" skipped="0">
  <testcase classname="Codes.SeleniumTestFirefox" name="firefoxseleniumtest" time="29.513"/>
  <system-out/>
</testsuite> <!-- Codes.SeleniumTestFirefox -->
