<?xml version="1.0" encoding="UTF-8"?>
<!-- Generated by org.testng.reporters.JUnitReportReporter -->
<testsuite hostname="Skunds-MacBook-Pro.local" failures="0" tests="1" name="com.tests.testclasses.PartiallyUpdateBooking" time="6.108" errors="0" timestamp="2022-02-06T21:03:36 IST" skipped="0">
  <testcase classname="com.tests.testclasses.PartiallyUpdateBooking" name="partial_update_of_booking" time="6.108"/>
  <system-out/>
</testsuite> <!-- com.tests.testclasses.PartiallyUpdateBooking -->
