<?xml version="1.0" encoding="UTF-8"?>
<!-- Generated by org.testng.reporters.JUnitReportReporter -->
<testsuite hostname="Skunds-MacBook-Pro.local" failures="0" tests="2" name="com.tests.testclasses.NewBookingAPI" time="5.279" errors="0" timestamp="2022-02-27T21:48:07 IST" skipped="0">
  <testcase classname="com.tests.testclasses.NewBookingAPI" name="new_Booking_API_Test01" time="5.252"/>
  <system-out/>
  <testcase classname="com.tests.testclasses.NewBookingAPI" name="new_Booking_API_Test02" time="0.027"/>
  <system-out/>
</testsuite> <!-- com.tests.testclasses.NewBookingAPI -->
