<?xml version="1.0" encoding="UTF-8"?>
<!-- Generated by org.testng.reporters.JUnitReportReporter -->
<testsuite hostname="Skunds-MacBook-Pro.local" failures="0" tests="1" name="Tests.Test01" time="4.695" errors="0" timestamp="2022-02-06T13:08:49 IST" skipped="0">
  <testcase classname="Tests.Test01" name="newBookingAPITest" time="4.695"/>
  <system-out/>
</testsuite> <!-- Tests.Test01 -->
