<?xml version="1.0" encoding="UTF-8"?>
<!-- Generated by org.testng.reporters.JUnitReportReporter -->
<testsuite hostname="Skunds-MacBook-Pro.local" failures="0" tests="2" name="com.tests.testclasses.FetchBookingByBookingID" time="2.134" errors="0" timestamp="2022-02-06T23:25:33 IST" skipped="0">
  <testcase classname="com.tests.testclasses.FetchBookingByBookingID" name="fetch_Booking_By_Booking_ID_API_Test01" time="1.963"/>
  <system-out/>
  <testcase classname="com.tests.testclasses.FetchBookingByBookingID" name="fetch_Booking_By_Booking_ID_API_Test02" time="0.171"/>
  <system-out/>
</testsuite> <!-- com.tests.testclasses.FetchBookingByBookingID -->
