<?xml version="1.0" encoding="UTF-8"?>
<!-- Generated by org.testng.reporters.JUnitReportReporter -->
<testsuite hostname="Skunds-MacBook-Pro.local" failures="0" tests="1" name="Codes.Test02" time="5.421" errors="0" timestamp="2022-02-01T11:17:45 IST" skipped="0">
  <testcase classname="Codes.Test02" name="fetchProductDetails" time="5.421"/>
  <system-out/>
</testsuite> <!-- Codes.Test02 -->
