<?xml version="1.0" encoding="UTF-8"?>
<!-- Generated by org.testng.reporters.JUnitReportReporter -->
<testsuite hostname="Skunds-MacBook-Pro.local" failures="0" tests="2" name="com.tests.testclasses.NewBookingAPI" time="16.027" errors="0" timestamp="2022-03-04T00:28:14 IST" skipped="0">
  <testcase classname="com.tests.testclasses.NewBookingAPI" name="new_Booking_API_Test02" time="0.036"/>
  <system-out/>
  <testcase classname="com.tests.testclasses.NewBookingAPI" name="new_Booking_API_Test01" time="15.991"/>
  <system-out/>
</testsuite> <!-- com.tests.testclasses.NewBookingAPI -->
