<?xml version="1.0" encoding="UTF-8"?>
<!-- Generated by org.testng.reporters.JUnitReportReporter -->
<testsuite hostname="Skunds-MacBook-Pro.local" failures="0" tests="1" name="com.tests.testclasses.FetchAllExistingBookings" time="1.452" errors="0" timestamp="2022-02-07T10:31:23 IST" skipped="0">
  <testcase classname="com.tests.testclasses.FetchAllExistingBookings" name="fetch_All_Existing_Booking_IDs_API_Test01" time="1.452"/>
  <system-out/>
</testsuite> <!-- com.tests.testclasses.FetchAllExistingBookings -->
