<?xml version="1.0" encoding="UTF-8"?>
<!-- Generated by org.testng.reporters.JUnitReportReporter -->
<testsuite hostname="Skunds-MacBook-Pro.local" failures="0" tests="1" name="com.test.testpackage2.Testclass1" time="0.716" errors="0" timestamp="2022-02-06T20:13:45 IST" skipped="0">
  <testcase classname="com.test.testpackage2.Testclass1" name="test01" time="0.716"/>
  <system-out/>
</testsuite> <!-- com.test.testpackage2.Testclass1 -->
