<?xml version="1.0" encoding="UTF-8"?>
<!-- Generated by org.testng.reporters.JUnitReportReporter -->
<testsuite hostname="Skunds-MacBook-Pro.local" failures="0" tests="2" name="com.tests.testclasses.DeleteBookingTest" time="3.149" errors="0" timestamp="2022-02-07T10:31:23 IST" skipped="0">
  <testcase classname="com.tests.testclasses.DeleteBookingTest" name="delete_Booking_API_Test02" time="0.017"/>
  <system-out/>
  <testcase classname="com.tests.testclasses.DeleteBookingTest" name="delete_Booking_API_Test01" time="3.132"/>
  <system-out/>
</testsuite> <!-- com.tests.testclasses.DeleteBookingTest -->
