<?xml version="1.0" encoding="UTF-8"?>
<!-- Generated by org.testng.reporters.JUnitReportReporter -->
<testsuite hostname="Skunds-MacBook-Pro.local" failures="0" tests="2" name="com.tests.testclasses.UpdateExistingBookingAPI" time="5.431" errors="0" timestamp="2022-02-07T11:12:01 IST" skipped="0">
  <testcase classname="com.tests.testclasses.UpdateExistingBookingAPI" name="update_Existing_Booking_API_Test01" time="4.002"/>
  <system-out/>
  <testcase classname="com.tests.testclasses.UpdateExistingBookingAPI" name="update_Existing_Booking_API_Test02" time="1.429"/>
  <system-out/>
</testsuite> <!-- com.tests.testclasses.UpdateExistingBookingAPI -->
