<?xml version="1.0" encoding="UTF-8"?>
<!-- Generated by org.testng.reporters.JUnitReportReporter -->
<testsuite hostname="Skunds-MacBook-Pro.local" failures="0" tests="2" name="Codes.Miscellaneous" time="0.289" errors="0" timestamp="2022-01-17T23:52:03 IST" skipped="0">
  <testcase classname="Codes.Miscellaneous" name="mytest" time="0.007"/>
  <system-out/>
  <testcase classname="Codes.Miscellaneous" name="mytest" time="0.282"/>
  <system-out/>
</testsuite> <!-- Codes.Miscellaneous -->
